<?xml version="1.0" encoding="UTF-8"?>
<testng-results ignored="0" total="1" passed="1" failed="0" skipped="0">
  <reporter-output>
  </reporter-output>
  <suite started-at="2025-05-11T12:13:29 IST" name="Default suite" finished-at="2025-05-11T12:13:50 IST" duration-ms="21447">
    <groups>
    </groups>
    <test started-at="2025-05-11T12:13:29 IST" name="Default test" finished-at="2025-05-11T12:13:50 IST" duration-ms="21447">
      <class name="AppiumDemo.App.LongPress">
        <test-method is-config="true" signature="configAppium()[pri:0, instance:AppiumDemo.App.LongPress@4145bad8]" started-at="2025-05-11T12:13:29 IST" name="configAppium" finished-at="2025-05-11T12:13:41 IST" duration-ms="12238" status="PASS">
          <reporter-output>
          </reporter-output>
        </test-method> <!-- configAppium -->
        <test-method signature="LongPressGesture()[pri:0, instance:AppiumDemo.App.LongPress@4145bad8]" started-at="2025-05-11T12:13:41 IST" name="LongPressGesture" finished-at="2025-05-11T12:13:50 IST" duration-ms="9142" status="PASS">
          <reporter-output>
          </reporter-output>
        </test-method> <!-- LongPressGesture -->
        <test-method is-config="true" signature="tearDown()[pri:0, instance:AppiumDemo.App.LongPress@4145bad8]" started-at="2025-05-11T12:13:50 IST" name="tearDown" finished-at="2025-05-11T12:13:50 IST" duration-ms="0" status="PASS">
          <reporter-output>
          </reporter-output>
        </test-method> <!-- tearDown -->
      </class> <!-- AppiumDemo.App.LongPress -->
    </test> <!-- Default test -->
  </suite> <!-- Default suite -->
</testng-results>
